<?xml version="1.0" encoding="UTF-8"?>
<testsuite xmlns:xsi="http://www.w3.org/2001/XMLSchema-instance" xsi:noNamespaceSchemaLocation="https://maven.apache.org/surefire/maven-surefire-plugin/xsd/surefire-test-report.xsd" name="com.mrp.app.api.CreateChampionshipTest" time="3.172" tests="1" errors="0" skipped="0" failures="1">
  <properties>
[...]
</properties>
  <testcase name="create" classname="com.mrp.app.api.CreateChampionshipTest" time="0.343">
    <failure message="&#10;Wanted but not invoked:&#10;com.mrp.app.domain.championship.service.CreateChampionshipService#0.create(&#10;    &lt;any com.mrp.app.domain.championship.model.ChampionshipEntity&gt;&#10;);&#10;-&gt; at com.mrp.app.api.CreateChampionshipTest.create(CreateChampionshipTest.java:145)&#10;Actually, there were zero interactions with this mock.&#10;" type="org.mockito.exceptions.verification.WantedButNotInvoked"><![CDATA[org.mockito.exceptions.verification.WantedButNotInvoked: 

Wanted but not invoked:
com.mrp.app.domain.championship.service.CreateChampionshipService#0.create(
    <any com.mrp.app.domain.championship.model.ChampionshipEntity>
);
-> at com.mrp.app.api.CreateChampionshipTest.create(CreateChampionshipTest.java:145)
Actually, there were zero interactions with this mock.

	at com.mrp.app.api.CreateChampionshipTest.create(CreateChampionshipTest.java:145)
]]></failure>
    <system-out><![CDATA[18:27:32.443 [main] DEBUG org.springframework.test.context.BootstrapUtils - Instantiating CacheAwareContextLoaderDelegate from class [org.springframework.test.context.cache.DefaultCacheAwareContextLoaderDelegate]
18:27:32.451 [main] DEBUG org.springframework.test.context.BootstrapUtils - Instantiating BootstrapContext using constructor [public org.springframework.test.context.support.DefaultBootstrapContext(java.lang.Class,org.springframework.test.context.CacheAwareContextLoaderDelegate)]
18:27:32.497 [main] DEBUG org.springframework.test.context.BootstrapUtils - Instantiating TestContextBootstrapper for test class [com.mrp.app.api.CreateChampionshipTest] from class [org.springframework.boot.test.autoconfigure.web.reactive.WebFluxTestContextBootstrapper]
18:27:32.511 [main] INFO org.springframework.boot.test.autoconfigure.web.reactive.WebFluxTestContextBootstrapper - Neither @ContextConfiguration nor @ContextHierarchy found for test class [com.mrp.app.api.CreateChampionshipTest], using SpringBootContextLoader
18:27:32.516 [main] DEBUG org.springframework.test.context.support.AbstractContextLoader - Did not detect default resource location for test class [com.mrp.app.api.CreateChampionshipTest]: class path resource [com/mrp/app/api/CreateChampionshipTest-context.xml] does not exist
18:27:32.517 [main] DEBUG org.springframework.test.context.support.AbstractContextLoader - Did not detect default resource location for test class [com.mrp.app.api.CreateChampionshipTest]: class path resource [com/mrp/app/api/CreateChampionshipTestContext.groovy] does not exist
18:27:32.517 [main] INFO org.springframework.test.context.support.AbstractContextLoader - Could not detect default resource locations for test class [com.mrp.app.api.CreateChampionshipTest]: no resource found for suffixes {-context.xml, Context.groovy}.
18:27:32.518 [main] INFO org.springframework.test.context.support.AnnotationConfigContextLoaderUtils - Could not detect default configuration classes for test class [com.mrp.app.api.CreateChampionshipTest]: CreateChampionshipTest does not declare any static, non-private, non-final, nested classes annotated with @Configuration.
18:27:32.613 [main] DEBUG org.springframework.test.context.support.ActiveProfilesUtils - Could not find an 'annotation declaring class' for annotation type [org.springframework.test.context.ActiveProfiles] and class [com.mrp.app.api.CreateChampionshipTest]
18:27:32.705 [main] DEBUG org.springframework.context.annotation.ClassPathScanningCandidateComponentProvider - Identified candidate component class: file [C:\Users\Damien\Documents\MRP_BACK\target\classes\com\mrp\app\AppApplication.class]
18:27:32.706 [main] INFO org.springframework.boot.test.context.SpringBootTestContextBootstrapper - Found @SpringBootConfiguration com.mrp.app.AppApplication for test class com.mrp.app.api.CreateChampionshipTest
18:27:32.708 [main] DEBUG org.springframework.boot.test.autoconfigure.web.reactive.WebFluxTestContextBootstrapper - @TestExecutionListeners is not present for class [com.mrp.app.api.CreateChampionshipTest]: using defaults.
18:27:32.709 [main] INFO org.springframework.boot.test.autoconfigure.web.reactive.WebFluxTestContextBootstrapper - Loaded default TestExecutionListener class names from location [META-INF/spring.factories]: [org.springframework.boot.test.mock.mockito.MockitoTestExecutionListener, org.springframework.boot.test.mock.mockito.ResetMocksTestExecutionListener, org.springframework.boot.test.autoconfigure.restdocs.RestDocsTestExecutionListener, org.springframework.boot.test.autoconfigure.web.client.MockRestServiceServerResetTestExecutionListener, org.springframework.boot.test.autoconfigure.web.servlet.MockMvcPrintOnlyOnFailureTestExecutionListener, org.springframework.boot.test.autoconfigure.web.servlet.WebDriverTestExecutionListener, org.springframework.boot.test.autoconfigure.webservices.client.MockWebServiceServerTestExecutionListener, org.springframework.test.context.web.ServletTestExecutionListener, org.springframework.test.context.support.DirtiesContextBeforeModesTestExecutionListener, org.springframework.test.context.event.ApplicationEventsTestExecutionListener, org.springframework.test.context.support.DependencyInjectionTestExecutionListener, org.springframework.test.context.support.DirtiesContextTestExecutionListener, org.springframework.test.context.transaction.TransactionalTestExecutionListener, org.springframework.test.context.jdbc.SqlScriptsTestExecutionListener, org.springframework.test.context.event.EventPublishingTestExecutionListener]
18:27:32.716 [main] DEBUG org.springframework.boot.test.autoconfigure.web.reactive.WebFluxTestContextBootstrapper - Skipping candidate TestExecutionListener [org.springframework.test.context.web.ServletTestExecutionListener] due to a missing dependency. Specify custom listener classes or make the default listener classes and their required dependencies available. Offending class: [javax/servlet/ServletContext]
18:27:32.724 [main] INFO org.springframework.boot.test.autoconfigure.web.reactive.WebFluxTestContextBootstrapper - Using TestExecutionListeners: [org.springframework.test.context.support.DirtiesContextBeforeModesTestExecutionListener@61ce23ac, org.springframework.test.context.event.ApplicationEventsTestExecutionListener@3668d4, org.springframework.boot.test.mock.mockito.MockitoTestExecutionListener@1c3b9394, org.springframework.boot.test.autoconfigure.SpringBootDependencyInjectionTestExecutionListener@6f2cfcc2, org.springframework.test.context.support.DirtiesContextTestExecutionListener@7f6f61c8, org.springframework.test.context.transaction.TransactionalTestExecutionListener@4c2cc639, org.springframework.test.context.jdbc.SqlScriptsTestExecutionListener@ccb4b1b, org.springframework.test.context.event.EventPublishingTestExecutionListener@4097cac, org.springframework.boot.test.mock.mockito.ResetMocksTestExecutionListener@ec2cc4, org.springframework.boot.test.autoconfigure.restdocs.RestDocsTestExecutionListener@2a5b3fee, org.springframework.boot.test.autoconfigure.web.client.MockRestServiceServerResetTestExecutionListener@7c1e2a2d, org.springframework.boot.test.autoconfigure.web.servlet.MockMvcPrintOnlyOnFailureTestExecutionListener@333dd51e, org.springframework.boot.test.autoconfigure.web.servlet.WebDriverTestExecutionListener@52d645b1, org.springframework.boot.test.autoconfigure.webservices.client.MockWebServiceServerTestExecutionListener@2101b44a]
18:27:32.729 [main] DEBUG org.springframework.test.context.support.AbstractDirtiesContextTestExecutionListener - Before test class: context [DefaultTestContext@3bd418e4 testClass = CreateChampionshipTest, testInstance = [null], testMethod = [null], testException = [null], mergedContextConfiguration = [ReactiveWebMergedContextConfiguration@544820b7 testClass = CreateChampionshipTest, locations = '{}', classes = '{class com.mrp.app.AppApplication}', contextInitializerClasses = '[]', activeProfiles = '{}', propertySourceLocations = '{}', propertySourceProperties = '{org.springframework.boot.test.autoconfigure.web.reactive.WebFluxTestContextBootstrapper=true}', contextCustomizers = set[[ImportsContextCustomizer@6b98a075 key = [org.springframework.boot.autoconfigure.cache.CacheAutoConfiguration, org.springframework.boot.autoconfigure.gson.GsonAutoConfiguration, org.springframework.boot.autoconfigure.jackson.JacksonAutoConfiguration, org.springframework.boot.autoconfigure.jsonb.JsonbAutoConfiguration, org.springframework.boot.autoconfigure.context.MessageSourceAutoConfiguration, org.springframework.boot.autoconfigure.freemarker.FreeMarkerAutoConfiguration, org.springframework.boot.autoconfigure.http.codec.CodecsAutoConfiguration, org.springframework.boot.autoconfigure.mustache.MustacheAutoConfiguration, org.springframework.boot.autoconfigure.thymeleaf.ThymeleafAutoConfiguration, org.springframework.boot.autoconfigure.validation.ValidationAutoConfiguration, org.springframework.boot.autoconfigure.web.reactive.WebFluxAutoConfiguration, org.springframework.boot.autoconfigure.web.reactive.error.ErrorWebFluxAutoConfiguration, org.springframework.boot.autoconfigure.security.oauth2.client.reactive.ReactiveOAuth2ClientAutoConfiguration, org.springframework.boot.autoconfigure.security.oauth2.resource.reactive.ReactiveOAuth2ResourceServerAutoConfiguration, org.springframework.boot.autoconfigure.security.reactive.ReactiveSecurityAutoConfiguration, org.springframework.boot.autoconfigure.security.reactive.ReactiveUserDetailsServiceAutoConfiguration, org.springframework.boot.test.autoconfigure.web.reactive.WebTestClientAutoConfiguration]], org.springframework.boot.test.context.filter.ExcludeFilterContextCustomizer@3f91b517, org.springframework.boot.test.json.DuplicateJsonObjectContextCustomizerFactory$DuplicateJsonObjectContextCustomizer@2421cc4, org.springframework.boot.test.mock.mockito.MockitoContextCustomizer@6bfb51b, org.springframework.boot.test.autoconfigure.OverrideAutoConfigurationContextCustomizerFactory$DisableAutoConfigurationContextCustomizer@5505ae1a, org.springframework.boot.test.autoconfigure.actuate.metrics.MetricsExportContextCustomizerFactory$DisableMetricExportContextCustomizer@60df60da, org.springframework.boot.test.autoconfigure.filter.TypeExcludeFiltersContextCustomizer@eda18e9, org.springframework.boot.test.autoconfigure.properties.PropertyMappingContextCustomizer@8b3e70b9, org.springframework.boot.test.autoconfigure.web.servlet.WebDriverContextCustomizerFactory$Customizer@3f9342d4, org.springframework.boot.test.context.SpringBootTestArgs@1, org.springframework.boot.test.context.SpringBootTestWebEnvironment@0], contextLoader = 'org.springframework.boot.test.context.SpringBootContextLoader', parent = [null]], attributes = map[[empty]]], class annotated with @DirtiesContext [false] with mode [null].
2022-06-26 18:27:33.308  INFO 36512 --- [           main] com.mrp.app.api.CreateChampionshipTest   : Starting CreateChampionshipTest using Java 11.0.15 on DESKTOP-O2NMA07 with PID 36512 (started by Damien in C:\Users\Damien\Documents\MRP_BACK)
2022-06-26 18:27:33.310  INFO 36512 --- [           main] com.mrp.app.api.CreateChampionshipTest   : No active profile set, falling back to 1 default profile: "default"
2022-06-26 18:27:35.185  INFO 36512 --- [           main] com.mrp.app.api.CreateChampionshipTest   : Started CreateChampionshipTest in 2.415 seconds (JVM running for 3.561)
]]></system-out>
  </testcase>
</testsuite>